192.168.1.88
2021-01-07 14:34:24.810320: W tensorflow/stream_executor/platform/default/dso_loader.cc:55] Could not load dynamic library 'libnvinfer.so.6'; dlerror: libnvinfer.so.6: cannot open shared object file: No such file or directory
2021-01-07 14:34:24.811023: W tensorflow/stream_executor/platform/default/dso_loader.cc:55] Could not load dynamic library 'libnvinfer_plugin.so.6'; dlerror: libnvinfer_plugin.so.6: cannot open shared object file: No such file or directory
2021-01-07 14:34:24.811040: W tensorflow/compiler/tf2tensorrt/utils/py_utils.cc:30] Cannot dlopen some TensorRT libraries. If you would like to use Nvidia GPU with TensorRT, please make sure the missing libraries mentioned above are installed properly.
Serving TensorBoard on localhost; to expose to the network, use a proxy or pass --bind_all
TensorBoard 2.1.1 at http://localhost:6006/ (Press CTRL+C to quit)
TensorBoard caught SIGTERM; exiting...
2021-01-18 16:04:46.205467: W tensorflow/stream_executor/platform/default/dso_loader.cc:55] Could not load dynamic library 'libnvinfer.so.6'; dlerror: libnvinfer.so.6: cannot open shared object file: No such file or directory
2021-01-18 16:04:46.205881: W tensorflow/stream_executor/platform/default/dso_loader.cc:55] Could not load dynamic library 'libnvinfer_plugin.so.6'; dlerror: libnvinfer_plugin.so.6: cannot open shared object file: No such file or directory
2021-01-18 16:04:46.205899: W tensorflow/compiler/tf2tensorrt/utils/py_utils.cc:30] Cannot dlopen some TensorRT libraries. If you would like to use Nvidia GPU with TensorRT, please make sure the missing libraries mentioned above are installed properly.
Serving TensorBoard on localhost; to expose to the network, use a proxy or pass --bind_all
TensorBoard 2.1.1 at http://localhost:6006/ (Press CTRL+C to quit)
TensorBoard caught SIGTERM; exiting...
2021-01-18 16:21:30.209044: W tensorflow/stream_executor/platform/default/dso_loader.cc:55] Could not load dynamic library 'libnvinfer.so.6'; dlerror: libnvinfer.so.6: cannot open shared object file: No such file or directory
2021-01-18 16:21:30.209157: W tensorflow/stream_executor/platform/default/dso_loader.cc:55] Could not load dynamic library 'libnvinfer_plugin.so.6'; dlerror: libnvinfer_plugin.so.6: cannot open shared object file: No such file or directory
2021-01-18 16:21:30.209179: W tensorflow/compiler/tf2tensorrt/utils/py_utils.cc:30] Cannot dlopen some TensorRT libraries. If you would like to use Nvidia GPU with TensorRT, please make sure the missing libraries mentioned above are installed properly.
Serving TensorBoard on localhost; to expose to the network, use a proxy or pass --bind_all
TensorBoard 2.1.1 at http://localhost:6006/ (Press CTRL+C to quit)
W0118 16:21:32.142513 140453517182720 core_plugin.py:200] Unable to get first event timestamp for run yolov5/nipa/2020-11-25-10-41-36-yolov5x_bdd_vehpers_gray: No event timestamp could be found
W0118 16:21:32.158681 140453517182720 core_plugin.py:200] Unable to get first event timestamp for run yolov5/nipa/2020-11-26-14-47-00-yolov5m_bdd: No event timestamp could be found
W0118 16:21:33.129029 140453517182720 core_plugin.py:200] Unable to get first event timestamp for run yolov5/nipa/2020-11-26-16-38-39-yolov5m_bdd: No event timestamp could be found
W0118 16:21:33.980168 140453517182720 core_plugin.py:200] Unable to get first event timestamp for run yolov5/nipa/2020-11-27-15-43-19-yolov5s_bdd: No event timestamp could be found
W0118 16:21:33.995563 140453517182720 core_plugin.py:200] Unable to get first event timestamp for run yolov5/nipa/2020-12-02-10-36-45-yolov5s_testworks_office: No event timestamp could be found
W0118 16:21:34.011365 140453517182720 core_plugin.py:200] Unable to get first event timestamp for run yolov5/nipa/2020-12-02-10-38-19-yolov5s_testworks_office: No event timestamp could be found
W0118 16:21:34.026854 140453517182720 core_plugin.py:200] Unable to get first event timestamp for run yolov5/nipa/2020-12-02-10-39-19-yolov5s_testworks_office: No event timestamp could be found
W0118 16:21:34.038842 140453517182720 core_plugin.py:200] Unable to get first event timestamp for run yolov5/nipa/2020-12-02-10-42-58-yolov5s_testworks_office: No event timestamp could be found
W0118 16:21:46.439562 140453517182720 core_plugin.py:200] Unable to get first event timestamp for run yolov5/nipa/2020-12-02-10-43-27-yolov5s_testworks_office: No event timestamp could be found
2021-02-17 13:58:53.022242: W tensorflow/stream_executor/platform/default/dso_loader.cc:55] Could not load dynamic library 'libnvinfer.so.6'; dlerror: libnvinfer.so.6: cannot open shared object file: No such file or directory; LD_LIBRARY_PATH: /opt/ros/melodic/lib
2021-02-17 13:58:53.022667: W tensorflow/stream_executor/platform/default/dso_loader.cc:55] Could not load dynamic library 'libnvinfer_plugin.so.6'; dlerror: libnvinfer_plugin.so.6: cannot open shared object file: No such file or directory; LD_LIBRARY_PATH: /opt/ros/melodic/lib
2021-02-17 13:58:53.022684: W tensorflow/compiler/tf2tensorrt/utils/py_utils.cc:30] Cannot dlopen some TensorRT libraries. If you would like to use Nvidia GPU with TensorRT, please make sure the missing libraries mentioned above are installed properly.
Serving TensorBoard on localhost; to expose to the network, use a proxy or pass --bind_all
TensorBoard 2.1.1 at http://localhost:6006/ (Press CTRL+C to quit)
TensorBoard caught SIGTERM; exiting...
2021-02-23 12:37:19.742898: W tensorflow/stream_executor/platform/default/dso_loader.cc:55] Could not load dynamic library 'libnvinfer.so.6'; dlerror: libnvinfer.so.6: cannot open shared object file: No such file or directory; LD_LIBRARY_PATH: /opt/ros/melodic/lib
2021-02-23 12:37:19.743354: W tensorflow/stream_executor/platform/default/dso_loader.cc:55] Could not load dynamic library 'libnvinfer_plugin.so.6'; dlerror: libnvinfer_plugin.so.6: cannot open shared object file: No such file or directory; LD_LIBRARY_PATH: /opt/ros/melodic/lib
2021-02-23 12:37:19.743378: W tensorflow/compiler/tf2tensorrt/utils/py_utils.cc:30] Cannot dlopen some TensorRT libraries. If you would like to use Nvidia GPU with TensorRT, please make sure the missing libraries mentioned above are installed properly.
Serving TensorBoard on localhost; to expose to the network, use a proxy or pass --bind_all
TensorBoard 2.1.1 at http://localhost:6006/ (Press CTRL+C to quit)
W0223 12:37:33.007505 140677224593152 core_plugin.py:200] Unable to get first event timestamp for run yolov5/nipa/2021-01-19-15-44-08-yolov5s: No event timestamp could be found
W0223 12:37:34.196862 140677224593152 core_plugin.py:200] Unable to get first event timestamp for run yolov5/vcgpu/2021-02-22-14-29-55-mobl16_yolov5s_8cls: No event timestamp could be found
W0223 12:37:34.267610 140677224593152 core_plugin.py:200] Unable to get first event timestamp for run yolov5/vcgpu2/2021-02-22-05-28-52-mobs13_foc_yolov5s_8cls: No event timestamp could be found
W0223 12:41:48.060577 140677207807744 core_plugin.py:200] Unable to get first event timestamp for run deeplab/vcgpu2/bdd/deeplab-bdd/experiment_1: No event timestamp could be found
TensorBoard caught SIGTERM; exiting...
2021-02-23 12:43:30.107561: W tensorflow/stream_executor/platform/default/dso_loader.cc:55] Could not load dynamic library 'libnvinfer.so.6'; dlerror: libnvinfer.so.6: cannot open shared object file: No such file or directory; LD_LIBRARY_PATH: /opt/ros/melodic/lib
2021-02-23 12:43:30.107662: W tensorflow/stream_executor/platform/default/dso_loader.cc:55] Could not load dynamic library 'libnvinfer_plugin.so.6'; dlerror: libnvinfer_plugin.so.6: cannot open shared object file: No such file or directory; LD_LIBRARY_PATH: /opt/ros/melodic/lib
2021-02-23 12:43:30.107678: W tensorflow/compiler/tf2tensorrt/utils/py_utils.cc:30] Cannot dlopen some TensorRT libraries. If you would like to use Nvidia GPU with TensorRT, please make sure the missing libraries mentioned above are installed properly.
Serving TensorBoard on localhost; to expose to the network, use a proxy or pass --bind_all
TensorBoard 2.1.1 at http://localhost:6006/ (Press CTRL+C to quit)
W0223 12:47:59.042269 140620945405696 core_plugin.py:200] Unable to get first event timestamp for run deeplab/vcgpu2/bdd/deeplab-bdd/experiment_1: No event timestamp could be found
TensorBoard caught SIGTERM; exiting...
2021-02-23 12:51:02.111099: W tensorflow/stream_executor/platform/default/dso_loader.cc:55] Could not load dynamic library 'libnvinfer.so.6'; dlerror: libnvinfer.so.6: cannot open shared object file: No such file or directory; LD_LIBRARY_PATH: /opt/ros/melodic/lib
2021-02-23 12:51:02.111205: W tensorflow/stream_executor/platform/default/dso_loader.cc:55] Could not load dynamic library 'libnvinfer_plugin.so.6'; dlerror: libnvinfer_plugin.so.6: cannot open shared object file: No such file or directory; LD_LIBRARY_PATH: /opt/ros/melodic/lib
2021-02-23 12:51:02.111223: W tensorflow/compiler/tf2tensorrt/utils/py_utils.cc:30] Cannot dlopen some TensorRT libraries. If you would like to use Nvidia GPU with TensorRT, please make sure the missing libraries mentioned above are installed properly.
Serving TensorBoard on localhost; to expose to the network, use a proxy or pass --bind_all
TensorBoard 2.1.1 at http://localhost:6006/ (Press CTRL+C to quit)
TensorBoard caught SIGTERM; exiting...
2021-02-23 12:52:10.482437: W tensorflow/stream_executor/platform/default/dso_loader.cc:55] Could not load dynamic library 'libnvinfer.so.6'; dlerror: libnvinfer.so.6: cannot open shared object file: No such file or directory; LD_LIBRARY_PATH: /opt/ros/melodic/lib
2021-02-23 12:52:10.482543: W tensorflow/stream_executor/platform/default/dso_loader.cc:55] Could not load dynamic library 'libnvinfer_plugin.so.6'; dlerror: libnvinfer_plugin.so.6: cannot open shared object file: No such file or directory; LD_LIBRARY_PATH: /opt/ros/melodic/lib
2021-02-23 12:52:10.482560: W tensorflow/compiler/tf2tensorrt/utils/py_utils.cc:30] Cannot dlopen some TensorRT libraries. If you would like to use Nvidia GPU with TensorRT, please make sure the missing libraries mentioned above are installed properly.
Serving TensorBoard on localhost; to expose to the network, use a proxy or pass --bind_all
TensorBoard 2.1.1 at http://localhost:6006/ (Press CTRL+C to quit)
W0223 12:52:17.252474 140545598252800 core_plugin.py:200] Unable to get first event timestamp for run yolov5/nipa/2021-01-19-15-44-08-yolov5s: No event timestamp could be found
W0223 12:52:18.419163 140545598252800 core_plugin.py:200] Unable to get first event timestamp for run yolov5/vcgpu/2021-02-22-14-29-55-mobl16_yolov5s_8cls: No event timestamp could be found
W0223 12:52:18.507821 140545598252800 core_plugin.py:200] Unable to get first event timestamp for run yolov5/vcgpu2/2021-02-22-05-28-52-mobs13_foc_yolov5s_8cls: No event timestamp could be found
W0223 12:56:39.037108 140545573074688 core_plugin.py:200] Unable to get first event timestamp for run deeplab/vcgpu2/bdd/deeplab-bdd/experiment_1: No event timestamp could be found
Traceback (most recent call last):
  File "/home/kevin/miniconda3/bin/tensorboard", line 5, in <module>
    from tensorboard.main import run_main
  File "/home/kevin/miniconda3/lib/python3.7/site-packages/tensorboard/main.py", line 40, in <module>
    from tensorboard import default
  File "/home/kevin/miniconda3/lib/python3.7/site-packages/tensorboard/default.py", line 38, in <module>
    from tensorboard.plugins.audio import audio_plugin
  File "/home/kevin/miniconda3/lib/python3.7/site-packages/tensorboard/plugins/audio/audio_plugin.py", line 29, in <module>
    from tensorboard.plugins.audio import metadata
  File "/home/kevin/miniconda3/lib/python3.7/site-packages/tensorboard/plugins/audio/metadata.py", line 21, in <module>
    from tensorboard.compat.proto import summary_pb2
  File "/home/kevin/miniconda3/lib/python3.7/site-packages/tensorboard/compat/proto/summary_pb2.py", line 7, in <module>
    from google.protobuf import descriptor as _descriptor
ImportError: cannot import name 'descriptor' from 'google.protobuf' (unknown location)
2021-03-17 10:02:42.287775: W tensorflow/stream_executor/platform/default/dso_loader.cc:55] Could not load dynamic library 'libnvinfer.so.6'; dlerror: libnvinfer.so.6: cannot open shared object file: No such file or directory; LD_LIBRARY_PATH: /opt/ros/melodic/lib
2021-03-17 10:02:42.288520: W tensorflow/stream_executor/platform/default/dso_loader.cc:55] Could not load dynamic library 'libnvinfer_plugin.so.6'; dlerror: libnvinfer_plugin.so.6: cannot open shared object file: No such file or directory; LD_LIBRARY_PATH: /opt/ros/melodic/lib
2021-03-17 10:02:42.288547: W tensorflow/compiler/tf2tensorrt/utils/py_utils.cc:30] Cannot dlopen some TensorRT libraries. If you would like to use Nvidia GPU with TensorRT, please make sure the missing libraries mentioned above are installed properly.
Serving TensorBoard on localhost; to expose to the network, use a proxy or pass --bind_all
TensorBoard 2.1.1 at http://localhost:6006/ (Press CTRL+C to quit)
Exception in thread Reloader:
Traceback (most recent call last):
  File "/home/kevin/miniconda3/envs/torch/lib/python3.7/threading.py", line 926, in _bootstrap_inner
    self.run()
  File "/home/kevin/miniconda3/envs/torch/lib/python3.7/threading.py", line 870, in run
    self._target(*self._args, **self._kwargs)
  File "/home/kevin/miniconda3/envs/torch/lib/python3.7/site-packages/tensorboard/backend/application.py", line 586, in _reload
    multiplexer.AddRunsFromDirectory(path, name)
  File "/home/kevin/miniconda3/envs/torch/lib/python3.7/site-packages/tensorboard/backend/event_processing/plugin_event_multiplexer.py", line 199, in AddRunsFromDirectory
    for subdir in io_wrapper.GetLogdirSubdirectories(path):
  File "/home/kevin/miniconda3/envs/torch/lib/python3.7/site-packages/tensorboard/backend/event_processing/io_wrapper.py", line 200, in <genexpr>
    subdir
  File "/home/kevin/miniconda3/envs/torch/lib/python3.7/site-packages/tensorboard/backend/event_processing/io_wrapper.py", line 155, in ListRecursivelyViaWalking
    for dir_path, _, filenames in tf.io.gfile.walk(top, topdown=True):
  File "/home/kevin/miniconda3/envs/torch/lib/python3.7/site-packages/tensorflow_core/python/lib/io/file_io.py", line 709, in walk_v2
    for subitem in walk_v2(os.path.join(top, subdir), topdown, onerror=onerror):
  File "/home/kevin/miniconda3/envs/torch/lib/python3.7/site-packages/tensorflow_core/python/lib/io/file_io.py", line 709, in walk_v2
    for subitem in walk_v2(os.path.join(top, subdir), topdown, onerror=onerror):
  File "/home/kevin/miniconda3/envs/torch/lib/python3.7/site-packages/tensorflow_core/python/lib/io/file_io.py", line 709, in walk_v2
    for subitem in walk_v2(os.path.join(top, subdir), topdown, onerror=onerror):
  File "/home/kevin/miniconda3/envs/torch/lib/python3.7/site-packages/tensorflow_core/python/lib/io/file_io.py", line 687, in walk_v2
    listing = list_directory(top)
  File "/home/kevin/miniconda3/envs/torch/lib/python3.7/site-packages/tensorflow_core/python/lib/io/file_io.py", line 617, in list_directory
    return list_directory_v2(dirname)
  File "/home/kevin/miniconda3/envs/torch/lib/python3.7/site-packages/tensorflow_core/python/lib/io/file_io.py", line 646, in list_directory_v2
    for filename in pywrap_tensorflow.GetChildren(compat.as_bytes(path))
tensorflow.python.framework.errors_impl.FailedPreconditionError: /home/kevin/Documents/tensorboard/scnn/vcgpu/2021-02-15-16-00-24-fscnn-narrow_default; Transport endpoint is not connected

TensorBoard caught SIGTERM; exiting...
TensorFlow installation not found - running with reduced feature set.
Serving TensorBoard on localhost; to expose to the network, use a proxy or pass --bind_all
TensorBoard 2.4.1 at http://localhost:6006/ (Press CTRL+C to quit)
TensorFlow installation not found - running with reduced feature set.
Serving TensorBoard on localhost; to expose to the network, use a proxy or pass --bind_all
TensorBoard 2.4.1 at http://localhost:6006/ (Press CTRL+C to quit)
TensorFlow installation not found - running with reduced feature set.
Serving TensorBoard on localhost; to expose to the network, use a proxy or pass --bind_all
TensorBoard 2.4.1 at http://localhost:6006/ (Press CTRL+C to quit)
TensorFlow installation not found - running with reduced feature set.
Serving TensorBoard on localhost; to expose to the network, use a proxy or pass --bind_all
TensorBoard 2.4.1 at http://localhost:6006/ (Press CTRL+C to quit)
TensorFlow installation not found - running with reduced feature set.
Serving TensorBoard on localhost; to expose to the network, use a proxy or pass --bind_all
TensorBoard 2.4.1 at http://localhost:6006/ (Press CTRL+C to quit)
TensorFlow installation not found - running with reduced feature set.

NOTE: Using experimental fast data loading logic. To disable, pass
    "--load_fast=false" and report issues on GitHub. More details:
    https://github.com/tensorflow/tensorboard/issues/4784

Serving TensorBoard on localhost; to expose to the network, use a proxy or pass --bind_all
TensorBoard 2.5.0 at http://localhost:6006/ (Press CTRL+C to quit)
TensorBoard caught SIGTERM; exiting...
